Build started 27-2-2013 12:17:35.
     1>Project "C:\Users\vincent\Documents\Github\Mario\KBSa\Mario\Mario\Mario.vcxproj" on node 2 (build target(s)).
     1>InitializeBuildStatus:
         Touching "Debug\Mario.unsuccessfulbuild".
       ClCompile:
         c:\Program Files (x86)\Microsoft Visual Studio 10.0\VC\bin\CL.exe /c /ZI /nologo /W3 /WX- /Od /Oy- /D WIN32 /D _DEBUG /D _WINDOWS /Gm /EHsc /RTC1 /MDd /GS /fp:precise /Zc:wchar_t /Zc:forScope /Fo"Debug\\" /Fd"Debug\vc100.pdb" /Gd /TP /analyze- /errorReport:prompt Hero.cpp NormalWalk.cpp character.cpp
         character.cpp
     1>c:\users\vincent\documents\github\mario\kbsa\mario\mario\character.h(7): error C2143: syntax error : missing ';' before 'using'
         NormalWalk.cpp
     1>c:\users\vincent\documents\github\mario\kbsa\mario\mario\normalwalk.h(6): error C2236: unexpected 'class' 'NormalWalk'. Did you forget a ';'?
     1>c:\users\vincent\documents\github\mario\kbsa\mario\mario\normalwalk.h(6): error C2143: syntax error : missing ';' before ':'
     1>c:\users\vincent\documents\github\mario\kbsa\mario\mario\normalwalk.h(6): error C2059: syntax error : ':'
     1>c:\users\vincent\documents\github\mario\kbsa\mario\mario\normalwalk.h(6): error C2059: syntax error : 'public'
     1>c:\users\vincent\documents\github\mario\kbsa\mario\mario\normalwalk.h(7): error C2143: syntax error : missing ';' before '{'
     1>c:\users\vincent\documents\github\mario\kbsa\mario\mario\normalwalk.h(7): error C2447: '{' : missing function header (old-style formal list?)
     1>c:\users\vincent\documents\github\mario\kbsa\mario\mario\normalwalk.cpp(4): error C2653: 'NormalWalk' : is not a class or namespace name
         Hero.cpp
     1>c:\users\vincent\documents\github\mario\kbsa\mario\mario\character.h(7): error C2143: syntax error : missing ';' before 'using'
     1>c:\users\vincent\documents\github\mario\kbsa\mario\mario\hero.cpp(8): error C2065: 'walkBehaviour' : undeclared identifier
     1>c:\users\vincent\documents\github\mario\kbsa\mario\mario\hero.cpp(8): error C2061: syntax error : identifier 'NormalWalk'
     1>c:\users\vincent\documents\github\mario\kbsa\mario\mario\hero.cpp(14): error C2065: 'walkBehaviour' : undeclared identifier
     1>c:\users\vincent\documents\github\mario\kbsa\mario\mario\hero.cpp(14): error C2541: 'delete' : cannot delete objects that are not pointers
     1>c:\users\vincent\documents\github\mario\kbsa\mario\mario\hero.cpp(15): error C2065: 'walkBehaviour' : undeclared identifier
     1>c:\users\vincent\documents\github\mario\kbsa\mario\mario\hero.cpp(15): error C2065: 'NULL' : undeclared identifier
         Generating Code...
     1>Done Building Project "C:\Users\vincent\Documents\Github\Mario\KBSa\Mario\Mario\Mario.vcxproj" (build target(s)) -- FAILED.

Build FAILED.

Time Elapsed 00:00:00.14
